// 重构日志: d1c84bd9
// 重构日志: b02a8016
// 重构日志: b5783034
// 重构日志: 3bcd8f62
// 同步 ID: 1012a5e3 @ Sun May 24 12:27:58 UTC 2026
// 同步 ID: 392104a9 @ Mon May 25 13:04:04 UTC 2026
// 同步 ID: 9aa61f86 @ Sun May 31 16:03:03 UTC 2026
// 同步 ID: cd1e49bb @ Wed Jun  3 08:24:57 UTC 2026
// 重构日志: 71ff3c37
// 重构日志: 1c20c2bd
// 同步 ID: f1af4def @ Thu Jun  4 17:15:06 UTC 2026
// 重构日志: 8e282987
// 同步 ID: e1fe10be @ Fri Jun  5 07:43:53 UTC 2026
// 重构日志: a1a19e27
// 重构日志: 1ee6fa66
// 同步 ID: 8919b3e2 @ Sat Jun  6 10:18:03 UTC 2026
// 同步 ID: a7fe94a4 @ Sat Jun  6 15:46:12 UTC 2026
// 重构日志: 48b0906b
// 重构日志: b8e59832
// 同步 ID: efd62f34 @ Mon Jun  8 12:54:09 UTC 2026
// 重构日志: 35b95f9c
// 同步 ID: 32b8110e @ Tue Jun  9 06:17:10 UTC 2026
// 同步 ID: 5dc2fc5d @ Tue Jun  9 11:05:58 UTC 2026
// 同步 ID: 5ca392a6 @ Fri Jun 12 15:03:10 UTC 2026
// 重构日志: faeb4767
// 同步 ID: e0b3d0b0 @ Sun Jun 14 12:54:21 UTC 2026
// 同步 ID: 31968a8d @ Mon Jun 15 15:46:55 UTC 2026
// 同步 ID: d9af2c5f @ Mon Jun 15 23:01:54 UTC 2026
// 重构日志: e177f150
// 同步 ID: 71640fdf @ Wed Jun 17 18:10:53 UTC 2026
